<?xml version="1.0" encoding="UTF-8"?>
<testsuite name="owner.MobileTest" tests="1" skipped="0" failures="0" errors="0" timestamp="2024-08-09T12:05:46" hostname="user" time="0.118">
  <properties/>
  <testcase name="mobileTest()" classname="owner.MobileTest" time="0.118"/>
  <system-out><![CDATA[]]></system-out>
  <system-err><![CDATA[]]></system-err>
</testsuite>
